<?xml version="1.0" encoding="UTF-8"?>
<!-- Generated by org.testng.reporters.JUnitReportReporter -->
<testsuite skipped="0" hostname="DESKTOP-KRLAL0I" name="com.project.Flipkart.LinksTesting1" tests="1" failures="0" timestamp="15 May 2019 16:52:32 GMT" time="12.732" errors="0">
  <testcase name="linktesting1" time="12.732" classname="com.project.Flipkart.LinksTesting1"/>
</testsuite> <!-- com.project.Flipkart.LinksTesting1 -->
