<?xml version="1.0" encoding="UTF-8"?>
<!-- Generated by org.testng.reporters.JUnitReportReporter -->
<testsuite skipped="1" hostname="DESKTOP-KRLAL0I" name="com.project.Flipkart.TC_002" tests="2" failures="0" timestamp="15 May 2019 16:31:35 GMT" time="0.053" errors="0">
  <testcase name="f" time="0.053" classname="com.project.Flipkart.TC_002"/>
  <testcase name="a" classname="com.project.Flipkart.TC_002">
    <skipped/>
  </testcase> <!-- a -->
</testsuite> <!-- com.project.Flipkart.TC_002 -->
