<?xml version="1.0" encoding="UTF-8"?>
<!-- Generated by org.testng.reporters.JUnitReportReporter -->
<testsuite skipped="0" hostname="DESKTOP-KRLAL0I" name="com.project.Flipkart.CheckBox1" tests="1" failures="0" timestamp="15 May 2019 16:52:32 GMT" time="21.719" errors="0">
  <testcase name="checkboxTest" time="21.719" classname="com.project.Flipkart.CheckBox1"/>
</testsuite> <!-- com.project.Flipkart.CheckBox1 -->
