<?xml version="1.0" encoding="UTF-8"?>
<!-- Generated by org.testng.reporters.JUnitReportReporter -->
<testsuite skipped="0" hostname="DESKTOP-KRLAL0I" name="suiteC.TestC3" tests="1" failures="0" timestamp="20 May 2019 16:38:14 GMT" time="5.019" errors="0">
  <testcase name="testC3" time="5.019" classname="suiteC.TestC3"/>
</testsuite> <!-- suiteC.TestC3 -->
