<?xml version="1.0" encoding="UTF-8"?>
<!-- Generated by org.testng.reporters.JUnitReportReporter -->
<testsuite skipped="0" hostname="DESKTOP-KRLAL0I" name="com.project.Flipkart.TC_001" tests="2" failures="0" timestamp="17 May 2019 16:25:40 GMT" time="62.476" errors="0">
  <testcase name="launch" time="24.813" classname="com.project.Flipkart.TC_001"/>
  <testcase name="launch" time="37.663" classname="com.project.Flipkart.TC_001"/>
</testsuite> <!-- com.project.Flipkart.TC_001 -->
