<?xml version="1.0" encoding="UTF-8"?>
<!-- Generated by org.testng.reporters.JUnitReportReporter -->
<testsuite skipped="0" hostname="DESKTOP-KRLAL0I" name="errorScreenShots.ScreenshotOnFailure" tests="1" failures="0" timestamp="26 Apr 2019 16:50:44 GMT" time="22.473" errors="0">
  <testcase name="getScreenshot" time="22.473" classname="errorScreenShots.ScreenshotOnFailure"/>
</testsuite> <!-- errorScreenShots.ScreenshotOnFailure -->
